\BOOKMARK [0][-]{chapter.1}{Introduction}{}% 1
\BOOKMARK [1][-]{section.1.1}{General\040Introduction}{chapter.1}% 2
\BOOKMARK [2][-]{subsection.1.1.1}{General\040Introduction}{section.1.1}% 3
\BOOKMARK [1][-]{section.1.2}{Objectives}{chapter.1}% 4
\BOOKMARK [1][-]{section.1.3}{Scope}{chapter.1}% 5
\BOOKMARK [1][-]{section.1.4}{Methodoloy}{chapter.1}% 6
\BOOKMARK [1][-]{section.1.5}{Overview\040of\040Report}{chapter.1}% 7
\BOOKMARK [1][-]{section.1.6}{Motivation}{chapter.1}% 8
\BOOKMARK [0][-]{chapter.2}{Background}{}% 9
\BOOKMARK [1][-]{section.2.1}{Introduction}{chapter.2}% 10
\BOOKMARK [1][-]{section.2.2}{Technologies}{chapter.2}% 11
\BOOKMARK [2][-]{subsection.2.2.1}{Web\040Application\040Framework}{section.2.2}% 12
\BOOKMARK [2][-]{subsection.2.2.2}{View\040Resolver}{section.2.2}% 13
\BOOKMARK [2][-]{subsection.2.2.3}{Application\040Server}{section.2.2}% 14
\BOOKMARK [2][-]{subsection.2.2.4}{Project\040Management\040Tool}{section.2.2}% 15
\BOOKMARK [2][-]{subsection.2.2.5}{Database\040Model}{section.2.2}% 16
\BOOKMARK [2][-]{subsection.2.2.6}{Integrated\040Development\040Environment}{section.2.2}% 17
\BOOKMARK [2][-]{subsection.2.2.7}{Source\040Control}{section.2.2}% 18
\BOOKMARK [2][-]{subsection.2.2.8}{Logging}{section.2.2}% 19
\BOOKMARK [1][-]{section.2.3}{Usability\040Studies}{chapter.2}% 20
\BOOKMARK [2][-]{subsection.2.3.1}{Case\040Study:\040Monaleen\040GAA\040Tennis\040Club}{section.2.3}% 21
\BOOKMARK [2][-]{subsection.2.3.2}{Case\040Study:\040Tralee\040Tennis\040Club}{section.2.3}% 22
\BOOKMARK [0][-]{chapter.3}{Requirements}{}% 23
\BOOKMARK [1][-]{section.3.1}{Introduction}{chapter.3}% 24
\BOOKMARK [1][-]{section.3.2}{Method\040for\040Requirements}{chapter.3}% 25
\BOOKMARK [2][-]{subsection.3.2.1}{Storyboarding}{section.3.2}% 26
\BOOKMARK [1][-]{section.3.3}{Application}{chapter.3}% 27
\BOOKMARK [1][-]{section.3.4}{Functional\040Requirements}{chapter.3}% 28
\BOOKMARK [2][-]{subsection.3.4.1}{User}{section.3.4}% 29
\BOOKMARK [2][-]{subsection.3.4.2}{Timetable}{section.3.4}% 30
\BOOKMARK [2][-]{subsection.3.4.3}{Tournament}{section.3.4}% 31
\BOOKMARK [2][-]{subsection.3.4.4}{Administration}{section.3.4}% 32
\BOOKMARK [1][-]{section.3.5}{Use\040Cases}{chapter.3}% 33
\BOOKMARK [1][-]{section.3.6}{Non\040Functional\040Requirements}{chapter.3}% 34
\BOOKMARK [2][-]{subsection.3.6.1}{Security}{section.3.6}% 35
\BOOKMARK [2][-]{subsection.3.6.2}{Extensibility}{section.3.6}% 36
\BOOKMARK [2][-]{subsection.3.6.3}{Usability}{section.3.6}% 37
\BOOKMARK [0][-]{chapter.4}{Design}{}% 38
\BOOKMARK [1][-]{section.4.1}{Introduction}{chapter.4}% 39
\BOOKMARK [1][-]{section.4.2}{Key\040Features}{chapter.4}% 40
\BOOKMARK [2][-]{subsection.4.2.1}{Users}{section.4.2}% 41
\BOOKMARK [2][-]{subsection.4.2.2}{Tournaments}{section.4.2}% 42
\BOOKMARK [2][-]{subsection.4.2.3}{Timetable}{section.4.2}% 43
\BOOKMARK [2][-]{subsection.4.2.4}{Administration}{section.4.2}% 44
\BOOKMARK [2][-]{subsection.4.2.5}{News}{section.4.2}% 45
\BOOKMARK [2][-]{subsection.4.2.6}{Look\040and\040Feel}{section.4.2}% 46
\BOOKMARK [0][-]{chapter.5}{Implementation\040and\040Testing}{}% 47
\BOOKMARK [1][-]{section.5.1}{Introduction}{chapter.5}% 48
\BOOKMARK [1][-]{section.5.2}{Application\040Entities}{chapter.5}% 49
\BOOKMARK [2][-]{subsection.5.2.1}{Users\040-\040Persistence}{section.5.2}% 50
\BOOKMARK [2][-]{subsection.5.2.2}{Timetable\040-\040Persistence\040Changes}{section.5.2}% 51
\BOOKMARK [2][-]{subsection.5.2.3}{Tournaments\040and\040Timetable\040Events}{section.5.2}% 52
\BOOKMARK [2][-]{subsection.5.2.4}{Administration\040-\040Security\040and\040Session\040Management}{section.5.2}% 53
\BOOKMARK [1][-]{section.5.3}{Model\040View\040Controller}{chapter.5}% 54
\BOOKMARK [2][-]{subsection.5.3.1}{Controller\040Layer}{section.5.3}% 55
\BOOKMARK [2][-]{subsection.5.3.2}{Models\040within\040the\040Spring\040MVC\040Framework}{section.5.3}% 56
\BOOKMARK [2][-]{subsection.5.3.3}{View\040Layer}{section.5.3}% 57
\BOOKMARK [1][-]{section.5.4}{Logging\040the\040Application}{chapter.5}% 58
\BOOKMARK [1][-]{section.5.5}{Configuration\040of\040the\040Application}{chapter.5}% 59
\BOOKMARK [1][-]{section.5.6}{Test\040Driven\040Development}{chapter.5}% 60
\BOOKMARK [1][-]{section.5.7}{Conclusion}{chapter.5}% 61
\BOOKMARK [0][-]{chapter.6}{Software\040Quality}{}% 62
\BOOKMARK [1][-]{section.6.1}{Introduction}{chapter.6}% 63
\BOOKMARK [1][-]{section.6.2}{Application\040Summary}{chapter.6}% 64
\BOOKMARK [1][-]{section.6.3}{Software\040Quality\040Tools\040and\040Visualisations}{chapter.6}% 65
\BOOKMARK [1][-]{section.6.4}{Sample\040Refactorings}{chapter.6}% 66
\BOOKMARK [0][-]{chapter.7}{Evaluation}{}% 67
\BOOKMARK [1][-]{section.7.1}{Usability}{chapter.7}% 68
\BOOKMARK [2][-]{subsection.7.1.1}{Productivity}{section.7.1}% 69
\BOOKMARK [1][-]{section.7.2}{Architectural\040Quality}{chapter.7}% 70
\BOOKMARK [1][-]{section.7.3}{Functional\040and\040Non\040Functional\040Requirement\040Evaluation}{chapter.7}% 71
\BOOKMARK [1][-]{section.7.4}{FYP\040Process\040and\040Learnings}{chapter.7}% 72
\BOOKMARK [0][-]{chapter.8}{Conclusions}{}% 73
\BOOKMARK [0][-]{appendix.A}{Appendices}{}% 74
\BOOKMARK [1][-]{section.A.1}{Application\040Breakdown}{appendix.A}% 75
\BOOKMARK [2][-]{subsection.A.1.1}{Java\040Source}{section.A.1}% 76
\BOOKMARK [1][-]{section.A.2}{Apache\040Struts\040and\040JSP\040Pages}{appendix.A}% 77
